<?xml version="1.0" encoding="utf-8"?><testsuites name="pytest tests"><testsuite name="pytest" errors="0" failures="0" skipped="0" tests="10" time="2.388" timestamp="2026-04-25T23:46:08.764817+00:00" hostname="agent-env-20c2298a-eb3d-48c5-ae29-805005464cc6"><testcase classname="backend.tests.test_zemdev_api.TestProductsPublic" name="test_list_products_returns_seeded" time="0.239" /><testcase classname="backend.tests.test_zemdev_api.TestProductsPublic" name="test_get_product_by_id" time="0.098" /><testcase classname="backend.tests.test_zemdev_api.TestProductsPublic" name="test_get_product_404" time="0.055" /><testcase classname="backend.tests.test_zemdev_api.TestAuth" name="test_login_success" time="0.274" /><testcase classname="backend.tests.test_zemdev_api.TestAuth" name="test_login_wrong_password" time="0.267" /><testcase classname="backend.tests.test_zemdev_api.TestAuth" name="test_me_with_token" time="0.314" /><testcase classname="backend.tests.test_zemdev_api.TestAuth" name="test_me_without_token" time="0.144" /><testcase classname="backend.tests.test_zemdev_api.TestAuth" name="test_logout" time="0.045" /><testcase classname="backend.tests.test_zemdev_api.TestProductsAdmin" name="test_create_without_auth" time="0.143" /><testcase classname="backend.tests.test_zemdev_api.TestProductsAdmin" name="test_crud_full_flow" time="0.734" /></testsuite></testsuites>