<?xml version="1.0" encoding="utf-8"?><testsuites name="pytest tests"><testsuite name="pytest" errors="0" failures="0" skipped="0" tests="13" time="3.740" timestamp="2026-04-26T00:39:03.846322+00:00" hostname="agent-env-20c2298a-eb3d-48c5-ae29-805005464cc6"><testcase classname="backend.tests.test_zemdev_iter2.TestProductsNewFields" name="test_products_have_views_gallery_video_fields" time="0.618" /><testcase classname="backend.tests.test_zemdev_iter2.TestProductsNewFields" name="test_top_products_returns_3_sorted_by_views" time="0.110" /><testcase classname="backend.tests.test_zemdev_iter2.TestProductsNewFields" name="test_get_product_increments_views" time="0.536" /><testcase classname="backend.tests.test_zemdev_iter2.TestCoupons" name="test_list_coupons_no_auth" time="0.172" /><testcase classname="backend.tests.test_zemdev_iter2.TestCoupons" name="test_list_coupons_admin_has_seeded" time="0.124" /><testcase classname="backend.tests.test_zemdev_iter2.TestCoupons" name="test_create_coupon_no_auth" time="0.115" /><testcase classname="backend.tests.test_zemdev_iter2.TestCoupons" name="test_create_coupon_uppercase" time="0.380" /><testcase classname="backend.tests.test_zemdev_iter2.TestCoupons" name="test_create_duplicate_coupon_400" time="0.112" /><testcase classname="backend.tests.test_zemdev_iter2.TestCoupons" name="test_validate_valid_coupon" time="0.106" /><testcase classname="backend.tests.test_zemdev_iter2.TestCoupons" name="test_validate_lowercase_coupon" time="0.113" /><testcase classname="backend.tests.test_zemdev_iter2.TestCoupons" name="test_validate_invalid_coupon_404" time="0.150" /><testcase classname="backend.tests.test_zemdev_iter2.TestCoupons" name="test_delete_coupon" time="0.362" /><testcase classname="backend.tests.test_zemdev_iter2.TestProductGalleryVideo" name="test_update_gallery_and_video" time="0.701" /></testsuite></testsuites>